[2023-04-22 18:41:40,888: INFO: stage_01_get_data]: 
********************
[2023-04-22 18:41:40,888: INFO: stage_01_get_data]: >>>>> stage stage 01 get data started <<<<<
[2023-04-22 18:41:40,896: INFO: common]: yaml file: configs/config.yaml loaded successfully
[2023-04-22 18:41:40,898: INFO: common]: created directory at: data
[2023-04-22 18:41:40,898: INFO: stage_01_get_data]: Download started
[2023-04-22 18:41:41,070: ERROR: stage_01_get_data]: too many values to unpack (expected 2)
Traceback (most recent call last):
  File ".\src\stage_01_get_data.py", line 50, in <module>
    main(config_path=parsed_args.config)
  File ".\src\stage_01_get_data.py", line 33, in main
    filename, headers = shutil.copy(source_data_url, local_data_filepath)
ValueError: too many values to unpack (expected 2)
[2023-04-22 18:44:42,417: INFO: stage_01_get_data]: 
********************
[2023-04-22 18:44:42,417: INFO: stage_01_get_data]: >>>>> stage stage 01 get data started <<<<<
[2023-04-22 18:44:42,424: INFO: common]: yaml file: configs/config.yaml loaded successfully
[2023-04-22 18:44:42,425: INFO: common]: created directory at: data
[2023-04-22 18:44:42,426: INFO: stage_01_get_data]: Download started
[2023-04-22 18:44:42,612: ERROR: stage_01_get_data]: too many values to unpack (expected 2)
Traceback (most recent call last):
  File ".\src\stage_01_get_data.py", line 50, in <module>
    main(config_path=parsed_args.config)
  File ".\src\stage_01_get_data.py", line 33, in main
    filename, headers = shutil.copy(source_data_url, local_data_filepath)
ValueError: too many values to unpack (expected 2)
[2023-04-22 18:50:16,836: INFO: stage_01_get_data]: 
********************
[2023-04-22 18:50:16,836: INFO: stage_01_get_data]: >>>>> stage stage 01 get data started <<<<<
[2023-04-22 18:50:16,843: INFO: common]: yaml file: configs/config.yaml loaded successfully
[2023-04-22 18:50:16,844: INFO: common]: created directory at: data
[2023-04-22 18:50:16,844: INFO: stage_01_get_data]: Download started
[2023-04-22 18:50:17,007: ERROR: stage_01_get_data]: too many values to unpack (expected 2)
Traceback (most recent call last):
  File ".\src\stage_01_get_data.py", line 50, in <module>
    main(config_path=parsed_args.config)
  File ".\src\stage_01_get_data.py", line 33, in main
    filename, _ = shutil.copy(source_data_url, local_data_filepath)
ValueError: too many values to unpack (expected 2)
[2023-04-22 18:50:53,466: INFO: stage_01_get_data]: 
********************
[2023-04-22 18:50:53,467: INFO: stage_01_get_data]: >>>>> stage stage 01 get data started <<<<<
[2023-04-22 18:50:53,475: INFO: common]: yaml file: configs/config.yaml loaded successfully
[2023-04-22 18:50:53,477: INFO: common]: created directory at: data
[2023-04-22 18:50:53,477: INFO: stage_01_get_data]: Download started
[2023-04-22 18:50:53,636: ERROR: stage_01_get_data]: too many values to unpack (expected 2)
Traceback (most recent call last):
  File ".\src\stage_01_get_data.py", line 50, in <module>
    main(config_path=parsed_args.config)
  File ".\src\stage_01_get_data.py", line 33, in main
    filename, _ = shutil.copy(source_data_url, local_data_filepath)
ValueError: too many values to unpack (expected 2)
[2023-04-22 18:55:17,222: INFO: stage_01_get_data]: 
********************
[2023-04-22 18:55:17,222: INFO: stage_01_get_data]: >>>>> stage stage 01 get data started <<<<<
[2023-04-22 18:55:17,230: INFO: common]: yaml file: configs/config.yaml loaded successfully
[2023-04-22 18:55:17,231: INFO: common]: created directory at: data
[2023-04-22 18:55:17,231: INFO: stage_01_get_data]: Download started
[2023-04-22 18:55:17,542: INFO: stage_01_get_data]: Download completed
[2023-04-22 18:55:17,543: INFO: stage_01_get_data]: Download file is present at: data\data.xml
[2023-04-22 18:55:17,543: ERROR: stage_01_get_data]: name 'headers' is not defined
Traceback (most recent call last):
  File ".\src\stage_01_get_data.py", line 51, in <module>
    main(config_path=parsed_args.config)
  File ".\src\stage_01_get_data.py", line 37, in main
    logging.info(f"Download headers: \n{headers}")
NameError: name 'headers' is not defined
[2023-04-22 18:55:52,870: INFO: stage_01_get_data]: 
********************
[2023-04-22 18:55:52,870: INFO: stage_01_get_data]: >>>>> stage stage 01 get data started <<<<<
[2023-04-22 18:55:52,874: INFO: common]: yaml file: configs/config.yaml loaded successfully
[2023-04-22 18:55:52,876: INFO: common]: created directory at: data
[2023-04-22 18:55:52,876: INFO: stage_01_get_data]: Download started
[2023-04-22 18:55:53,204: INFO: stage_01_get_data]: Download completed
[2023-04-22 18:55:53,204: INFO: stage_01_get_data]: Download file is present at: data\data.xml
[2023-04-22 18:55:53,205: INFO: stage_01_get_data]: >>>>> stage stage 01 get data completed!<<<<<

